2018-04-10 16:36:59.682  INFO 12388 --- [restartedMain] org.crama.simplofy.SimplofyApplication   : Starting SimplofyApplication on django with PID 12388 (D:\prog\java\webapps\simplofy\target\classes started by Administrator in D:\prog\java\webapps\simplofy)
2018-04-10 16:36:59.683  INFO 12388 --- [restartedMain] org.crama.simplofy.SimplofyApplication   : No active profile set, falling back to default profiles: default
2018-04-10 16:36:59.687  INFO 12388 --- [restartedMain] ationConfigEmbeddedWebApplicationContext : Refreshing org.springframework.boot.context.embedded.AnnotationConfigEmbeddedWebApplicationContext@18fc1254: startup date [Tue Apr 10 16:36:59 EEST 2018]; root of context hierarchy
2018-04-10 16:37:00.543  INFO 12388 --- [restartedMain] s.b.c.e.t.TomcatEmbeddedServletContainer : Tomcat initialized with port(s): 8080 (http)
2018-04-10 16:37:00.547  INFO 12388 --- [restartedMain] o.apache.catalina.core.StandardService   : Starting service [Tomcat]
2018-04-10 16:37:00.548  INFO 12388 --- [restartedMain] org.apache.catalina.core.StandardEngine  : Starting Servlet Engine: Apache Tomcat/8.5.23
2018-04-10 16:37:00.630  INFO 12388 --- [localhost-startStop-1] org.apache.jasper.servlet.TldScanner     : At least one JAR was scanned for TLDs yet contained no TLDs. Enable debug logging for this logger for a complete list of JARs that were scanned but no TLDs were found in them. Skipping unneeded JARs during scanning can improve startup time and JSP compilation time.
2018-04-10 16:37:00.636  INFO 12388 --- [localhost-startStop-1] o.a.c.c.C.[Tomcat-1].[localhost].[/]     : Initializing Spring embedded WebApplicationContext
2018-04-10 16:37:00.638  INFO 12388 --- [localhost-startStop-1] o.s.web.context.ContextLoader            : Root WebApplicationContext: initialization completed in 951 ms
2018-04-10 16:37:00.690  INFO 12388 --- [localhost-startStop-1] o.s.b.w.servlet.FilterRegistrationBean   : Mapping filter: 'characterEncodingFilter' to: [/*]
2018-04-10 16:37:00.691  INFO 12388 --- [localhost-startStop-1] o.s.b.w.servlet.FilterRegistrationBean   : Mapping filter: 'hiddenHttpMethodFilter' to: [/*]
2018-04-10 16:37:00.692  INFO 12388 --- [localhost-startStop-1] o.s.b.w.servlet.FilterRegistrationBean   : Mapping filter: 'httpPutFormContentFilter' to: [/*]
2018-04-10 16:37:00.692  INFO 12388 --- [localhost-startStop-1] o.s.b.w.servlet.FilterRegistrationBean   : Mapping filter: 'requestContextFilter' to: [/*]
2018-04-10 16:37:00.694  INFO 12388 --- [localhost-startStop-1] .s.DelegatingFilterProxyRegistrationBean : Mapping filter: 'springSecurityFilterChain' to: [/*]
2018-04-10 16:37:00.695  INFO 12388 --- [localhost-startStop-1] o.s.b.w.servlet.ServletRegistrationBean  : Mapping servlet: 'dispatcherServlet' to [/]
2018-04-10 16:37:00.729  WARN 12388 --- [restartedMain] ationConfigEmbeddedWebApplicationContext : Exception encountered during context initialization - cancelling refresh attempt: org.springframework.beans.factory.UnsatisfiedDependencyException: Error creating bean with name 'inMemoryDatabaseShutdownExecutor' defined in class path resource [org/springframework/boot/devtools/autoconfigure/DevToolsDataSourceAutoConfiguration.class]: Unsatisfied dependency expressed through method 'inMemoryDatabaseShutdownExecutor' parameter 0; nested exception is org.springframework.beans.factory.BeanCreationException: Error creating bean with name 'dataSource' defined in class path resource [org/springframework/boot/autoconfigure/jdbc/DataSourceConfiguration$Tomcat.class]: Bean instantiation via factory method failed; nested exception is org.springframework.beans.BeanInstantiationException: Failed to instantiate [org.apache.tomcat.jdbc.pool.DataSource]: Factory method 'dataSource' threw exception; nested exception is org.springframework.boot.autoconfigure.jdbc.DataSourceProperties$DataSourceBeanCreationException: Cannot determine embedded database url for database type NONE. If you want an embedded database please put a supported one on the classpath. If you have database settings to be loaded from a particular profile you may need to active it (no profiles are currently active).
2018-04-10 16:37:00.731  INFO 12388 --- [restartedMain] o.apache.catalina.core.StandardService   : Stopping service [Tomcat]
2018-04-10 16:37:00.748  INFO 12388 --- [restartedMain] utoConfigurationReportLoggingInitializer : 

Error starting ApplicationContext. To display the auto-configuration report re-run your application with 'debug' enabled.
2018-04-10 16:37:00.750 ERROR 12388 --- [restartedMain] o.s.b.d.LoggingFailureAnalysisReporter   : 

***************************
APPLICATION FAILED TO START
***************************

Description:

Cannot determine embedded database url for database type NONE

Action:

If you want an embedded database please put a supported one on the classpath. If you have database settings to be loaded from a particular profile you may need to active it (no profiles are currently active).

2018-04-10 16:37:33.426  INFO 12388 --- [restartedMain] org.crama.simplofy.SimplofyApplication   : Starting SimplofyApplication on django with PID 12388 (D:\prog\java\webapps\simplofy\target\classes started by Administrator in D:\prog\java\webapps\simplofy)
2018-04-10 16:37:33.427  INFO 12388 --- [restartedMain] org.crama.simplofy.SimplofyApplication   : No active profile set, falling back to default profiles: default
2018-04-10 16:37:33.433  INFO 12388 --- [restartedMain] ationConfigEmbeddedWebApplicationContext : Refreshing org.springframework.boot.context.embedded.AnnotationConfigEmbeddedWebApplicationContext@42e4969c: startup date [Tue Apr 10 16:37:33 EEST 2018]; root of context hierarchy
2018-04-10 16:37:34.258  INFO 12388 --- [restartedMain] s.b.c.e.t.TomcatEmbeddedServletContainer : Tomcat initialized with port(s): 8080 (http)
2018-04-10 16:37:34.260  INFO 12388 --- [restartedMain] o.apache.catalina.core.StandardService   : Starting service [Tomcat]
2018-04-10 16:37:34.261  INFO 12388 --- [restartedMain] org.apache.catalina.core.StandardEngine  : Starting Servlet Engine: Apache Tomcat/8.5.23
2018-04-10 16:37:34.335  INFO 12388 --- [localhost-startStop-1] org.apache.jasper.servlet.TldScanner     : At least one JAR was scanned for TLDs yet contained no TLDs. Enable debug logging for this logger for a complete list of JARs that were scanned but no TLDs were found in them. Skipping unneeded JARs during scanning can improve startup time and JSP compilation time.
2018-04-10 16:37:34.341  INFO 12388 --- [localhost-startStop-1] o.a.c.c.C.[Tomcat-2].[localhost].[/]     : Initializing Spring embedded WebApplicationContext
2018-04-10 16:37:34.342  INFO 12388 --- [localhost-startStop-1] o.s.web.context.ContextLoader            : Root WebApplicationContext: initialization completed in 908 ms
2018-04-10 16:37:34.383  INFO 12388 --- [localhost-startStop-1] o.s.b.w.servlet.FilterRegistrationBean   : Mapping filter: 'characterEncodingFilter' to: [/*]
2018-04-10 16:37:34.384  INFO 12388 --- [localhost-startStop-1] o.s.b.w.servlet.FilterRegistrationBean   : Mapping filter: 'hiddenHttpMethodFilter' to: [/*]
2018-04-10 16:37:34.385  INFO 12388 --- [localhost-startStop-1] o.s.b.w.servlet.FilterRegistrationBean   : Mapping filter: 'httpPutFormContentFilter' to: [/*]
2018-04-10 16:37:34.386  INFO 12388 --- [localhost-startStop-1] o.s.b.w.servlet.FilterRegistrationBean   : Mapping filter: 'requestContextFilter' to: [/*]
2018-04-10 16:37:34.386  INFO 12388 --- [localhost-startStop-1] .s.DelegatingFilterProxyRegistrationBean : Mapping filter: 'springSecurityFilterChain' to: [/*]
2018-04-10 16:37:34.387  INFO 12388 --- [localhost-startStop-1] o.s.b.w.servlet.ServletRegistrationBean  : Mapping servlet: 'dispatcherServlet' to [/]
2018-04-10 16:37:34.570  INFO 12388 --- [restartedMain] j.LocalContainerEntityManagerFactoryBean : Building JPA container EntityManagerFactory for persistence unit 'default'
